<?xml version="1.0" encoding="UTF-8"?>
<testsuite xmlns:xsi="http://www.w3.org/2001/XMLSchema-instance" xsi:noNamespaceSchemaLocation="https://maven.apache.org/surefire/maven-surefire-plugin/xsd/surefire-test-report.xsd" name="com.projectmanager.ApplicationTests" time="11.785" tests="1" errors="0" skipped="0" failures="0">
  <properties>
    <property name="java.specification.version" value="18"/>
    <property name="sun.cpu.isalist" value="amd64"/>
    <property name="sun.jnu.encoding" value="Cp1252"/>
    <property name="java.class.path" value="C:\Users\mateu\Desktop\projectmanager\target\test-classes;C:\Users\mateu\Desktop\projectmanager\target\classes;C:\Users\mateu\.m2\repository\org\springframework\boot\spring-boot-starter-data-jdbc\3.0.0-SNAPSHOT\spring-boot-starter-data-jdbc-3.0.0-SNAPSHOT.jar;C:\Users\mateu\.m2\repository\org\springframework\data\spring-data-jdbc\3.0.0-SNAPSHOT\spring-data-jdbc-3.0.0-SNAPSHOT.jar;C:\Users\mateu\.m2\repository\org\springframework\data\spring-data-relational\3.0.0-SNAPSHOT\spring-data-relational-3.0.0-SNAPSHOT.jar;C:\Users\mateu\.m2\repository\org\springframework\data\spring-data-commons\3.0.0-SNAPSHOT\spring-data-commons-3.0.0-SNAPSHOT.jar;C:\Users\mateu\.m2\repository\org\springframework\spring-tx\6.0.0-SNAPSHOT\spring-tx-6.0.0-SNAPSHOT.jar;C:\Users\mateu\.m2\repository\org\springframework\spring-context\6.0.0-SNAPSHOT\spring-context-6.0.0-SNAPSHOT.jar;C:\Users\mateu\.m2\repository\org\springframework\spring-beans\6.0.0-SNAPSHOT\spring-beans-6.0.0-SNAPSHOT.jar;C:\Users\mateu\.m2\repository\org\slf4j\slf4j-api\1.7.36\slf4j-api-1.7.36.jar;C:\Users\mateu\.m2\repository\org\springframework\boot\spring-boot-starter-jdbc\3.0.0-SNAPSHOT\spring-boot-starter-jdbc-3.0.0-SNAPSHOT.jar;C:\Users\mateu\.m2\repository\org\springframework\boot\spring-boot-starter\3.0.0-SNAPSHOT\spring-boot-starter-3.0.0-SNAPSHOT.jar;C:\Users\mateu\.m2\repository\org\springframework\boot\spring-boot\3.0.0-SNAPSHOT\spring-boot-3.0.0-SNAPSHOT.jar;C:\Users\mateu\.m2\repository\org\springframework\boot\spring-boot-autoconfigure\3.0.0-SNAPSHOT\spring-boot-autoconfigure-3.0.0-SNAPSHOT.jar;C:\Users\mateu\.m2\repository\org\springframework\boot\spring-boot-starter-logging\3.0.0-SNAPSHOT\spring-boot-starter-logging-3.0.0-SNAPSHOT.jar;C:\Users\mateu\.m2\repository\ch\qos\logback\logback-classic\1.2.11\logback-classic-1.2.11.jar;C:\Users\mateu\.m2\repository\ch\qos\logback\logback-core\1.2.11\logback-core-1.2.11.jar;C:\Users\mateu\.m2\repository\org\apache\logging\log4j\log4j-to-slf4j\2.18.0\log4j-to-slf4j-2.18.0.jar;C:\Users\mateu\.m2\repository\org\apache\logging\log4j\log4j-api\2.18.0\log4j-api-2.18.0.jar;C:\Users\mateu\.m2\repository\org\slf4j\jul-to-slf4j\1.7.36\jul-to-slf4j-1.7.36.jar;C:\Users\mateu\.m2\repository\jakarta\annotation\jakarta.annotation-api\2.0.0\jakarta.annotation-api-2.0.0.jar;C:\Users\mateu\.m2\repository\com\zaxxer\HikariCP\5.0.1\HikariCP-5.0.1.jar;C:\Users\mateu\.m2\repository\org\springframework\spring-jdbc\6.0.0-SNAPSHOT\spring-jdbc-6.0.0-SNAPSHOT.jar;C:\Users\mateu\.m2\repository\org\springframework\boot\spring-boot-starter-web\3.0.0-SNAPSHOT\spring-boot-starter-web-3.0.0-SNAPSHOT.jar;C:\Users\mateu\.m2\repository\org\springframework\boot\spring-boot-starter-json\3.0.0-SNAPSHOT\spring-boot-starter-json-3.0.0-SNAPSHOT.jar;C:\Users\mateu\.m2\repository\com\fasterxml\jackson\core\jackson-databind\2.13.3\jackson-databind-2.13.3.jar;C:\Users\mateu\.m2\repository\com\fasterxml\jackson\datatype\jackson-datatype-jdk8\2.13.3\jackson-datatype-jdk8-2.13.3.jar;C:\Users\mateu\.m2\repository\com\fasterxml\jackson\datatype\jackson-datatype-jsr310\2.13.3\jackson-datatype-jsr310-2.13.3.jar;C:\Users\mateu\.m2\repository\com\fasterxml\jackson\module\jackson-module-parameter-names\2.13.3\jackson-module-parameter-names-2.13.3.jar;C:\Users\mateu\.m2\repository\org\springframework\boot\spring-boot-starter-tomcat\3.0.0-SNAPSHOT\spring-boot-starter-tomcat-3.0.0-SNAPSHOT.jar;C:\Users\mateu\.m2\repository\org\apache\tomcat\embed\tomcat-embed-websocket\10.0.22\tomcat-embed-websocket-10.0.22.jar;C:\Users\mateu\.m2\repository\org\springframework\spring-web\6.0.0-SNAPSHOT\spring-web-6.0.0-SNAPSHOT.jar;C:\Users\mateu\.m2\repository\org\springframework\spring-webmvc\6.0.0-SNAPSHOT\spring-webmvc-6.0.0-SNAPSHOT.jar;C:\Users\mateu\.m2\repository\org\springframework\spring-aop\6.0.0-SNAPSHOT\spring-aop-6.0.0-SNAPSHOT.jar;C:\Users\mateu\.m2\repository\org\springframework\spring-expression\6.0.0-SNAPSHOT\spring-expression-6.0.0-SNAPSHOT.jar;C:\Users\mateu\.m2\repository\org\springframework\boot\spring-boot-starter-web-services\3.0.0-SNAPSHOT\spring-boot-starter-web-services-3.0.0-SNAPSHOT.jar;C:\Users\mateu\.m2\repository\com\sun\xml\messaging\saaj\saaj-impl\2.0.1\saaj-impl-2.0.1.jar;C:\Users\mateu\.m2\repository\jakarta\xml\soap\jakarta.xml.soap-api\2.0.1\jakarta.xml.soap-api-2.0.1.jar;C:\Users\mateu\.m2\repository\org\jvnet\staxex\stax-ex\2.0.1\stax-ex-2.0.1.jar;C:\Users\mateu\.m2\repository\com\sun\activation\jakarta.activation\2.0.1\jakarta.activation-2.0.1.jar;C:\Users\mateu\.m2\repository\jakarta\xml\ws\jakarta.xml.ws-api\3.0.1\jakarta.xml.ws-api-3.0.1.jar;C:\Users\mateu\.m2\repository\jakarta\jws\jakarta.jws-api\3.0.0\jakarta.jws-api-3.0.0.jar;C:\Users\mateu\.m2\repository\org\springframework\spring-oxm\6.0.0-SNAPSHOT\spring-oxm-6.0.0-SNAPSHOT.jar;C:\Users\mateu\.m2\repository\org\springframework\ws\spring-ws-core\4.0.0-M2\spring-ws-core-4.0.0-M2.jar;C:\Users\mateu\.m2\repository\org\springframework\ws\spring-xml\4.0.0-M2\spring-xml-4.0.0-M2.jar;C:\Users\mateu\.m2\repository\com\sun\xml\bind\jaxb-impl\3.0.1\jaxb-impl-3.0.1.jar;C:\Users\mateu\.m2\repository\com\sun\xml\bind\jaxb-core\3.0.1\jaxb-core-3.0.1.jar;C:\Users\mateu\.m2\repository\org\springframework\cloud\spring-cloud-config-server\4.0.0-M3\spring-cloud-config-server-4.0.0-M3.jar;C:\Users\mateu\.m2\repository\org\springframework\cloud\spring-cloud-config-client\4.0.0-M3\spring-cloud-config-client-4.0.0-M3.jar;C:\Users\mateu\.m2\repository\com\fasterxml\jackson\core\jackson-annotations\2.13.3\jackson-annotations-2.13.3.jar;C:\Users\mateu\.m2\repository\org\apache\httpcomponents\httpclient\4.5.13\httpclient-4.5.13.jar;C:\Users\mateu\.m2\repository\commons-codec\commons-codec\1.15\commons-codec-1.15.jar;C:\Users\mateu\.m2\repository\org\springframework\boot\spring-boot-starter-validation\3.0.0-SNAPSHOT\spring-boot-starter-validation-3.0.0-SNAPSHOT.jar;C:\Users\mateu\.m2\repository\org\hibernate\validator\hibernate-validator\7.0.4.Final\hibernate-validator-7.0.4.Final.jar;C:\Users\mateu\.m2\repository\jakarta\validation\jakarta.validation-api\3.0.2\jakarta.validation-api-3.0.2.jar;C:\Users\mateu\.m2\repository\org\springframework\security\spring-security-crypto\6.0.0-SNAPSHOT\spring-security-crypto-6.0.0-SNAPSHOT.jar;C:\Users\mateu\.m2\repository\org\springframework\security\spring-security-rsa\1.0.10.RELEASE\spring-security-rsa-1.0.10.RELEASE.jar;C:\Users\mateu\.m2\repository\org\bouncycastle\bcpkix-jdk15on\1.68\bcpkix-jdk15on-1.68.jar;C:\Users\mateu\.m2\repository\org\bouncycastle\bcprov-jdk15on\1.68\bcprov-jdk15on-1.68.jar;C:\Users\mateu\.m2\repository\org\eclipse\jgit\org.eclipse.jgit\5.12.0.202106070339-r\org.eclipse.jgit-5.12.0.202106070339-r.jar;C:\Users\mateu\.m2\repository\com\googlecode\javaewah\JavaEWAH\1.1.7\JavaEWAH-1.1.7.jar;C:\Users\mateu\.m2\repository\org\eclipse\jgit\org.eclipse.jgit.http.apache\5.12.0.202106070339-r\org.eclipse.jgit.http.apache-5.12.0.202106070339-r.jar;C:\Users\mateu\.m2\repository\org\apache\httpcomponents\httpcore\4.4.15\httpcore-4.4.15.jar;C:\Users\mateu\.m2\repository\org\eclipse\jgit\org.eclipse.jgit.ssh.jsch\5.12.0.202106070339-r\org.eclipse.jgit.ssh.jsch-5.12.0.202106070339-r.jar;C:\Users\mateu\.m2\repository\com\jcraft\jsch\0.1.55\jsch-0.1.55.jar;C:\Users\mateu\.m2\repository\com\jcraft\jzlib\1.1.1\jzlib-1.1.1.jar;C:\Users\mateu\.m2\repository\org\yaml\snakeyaml\1.30\snakeyaml-1.30.jar;C:\Users\mateu\.m2\repository\com\fasterxml\jackson\dataformat\jackson-dataformat-yaml\2.13.3\jackson-dataformat-yaml-2.13.3.jar;C:\Users\mateu\.m2\repository\com\fasterxml\jackson\core\jackson-core\2.13.3\jackson-core-2.13.3.jar;C:\Users\mateu\.m2\repository\org\springframework\cloud\spring-cloud-starter\4.0.0-M3\spring-cloud-starter-4.0.0-M3.jar;C:\Users\mateu\.m2\repository\org\springframework\cloud\spring-cloud-context\4.0.0-M3\spring-cloud-context-4.0.0-M3.jar;C:\Users\mateu\.m2\repository\org\springframework\cloud\spring-cloud-commons\4.0.0-M3\spring-cloud-commons-4.0.0-M3.jar;C:\Users\mateu\.m2\repository\org\springframework\cloud\spring-cloud-starter-task\3.0.0-M3\spring-cloud-starter-task-3.0.0-M3.jar;C:\Users\mateu\.m2\repository\org\springframework\cloud\spring-cloud-task-core\3.0.0-M3\spring-cloud-task-core-3.0.0-M3.jar;C:\Users\mateu\.m2\repository\org\springframework\cloud\spring-cloud-deployer-autoconfigure\2.7.4\spring-cloud-deployer-autoconfigure-2.7.4.jar;C:\Users\mateu\.m2\repository\org\springframework\cloud\spring-cloud-deployer-resource-support\2.7.4\spring-cloud-deployer-resource-support-2.7.4.jar;C:\Users\mateu\.m2\repository\org\springframework\batch\spring-batch-infrastructure\5.0.0-SNAPSHOT\spring-batch-infrastructure-5.0.0-SNAPSHOT.jar;C:\Users\mateu\.m2\repository\org\springframework\retry\spring-retry\1.3.3\spring-retry-1.3.3.jar;C:\Users\mateu\.m2\repository\io\micrometer\micrometer-core\1.10.0-M3\micrometer-core-1.10.0-M3.jar;C:\Users\mateu\.m2\repository\io\micrometer\micrometer-commons\1.10.0-M3\micrometer-commons-1.10.0-M3.jar;C:\Users\mateu\.m2\repository\org\hdrhistogram\HdrHistogram\2.1.12\HdrHistogram-2.1.12.jar;C:\Users\mateu\.m2\repository\org\latencyutils\LatencyUtils\2.0.3\LatencyUtils-2.0.3.jar;C:\Users\mateu\.m2\repository\io\micrometer\micrometer-observation\1.10.0-M3\micrometer-observation-1.10.0-M3.jar;C:\Users\mateu\.m2\repository\org\springframework\cloud\spring-cloud-task-batch\3.0.0-M3\spring-cloud-task-batch-3.0.0-M3.jar;C:\Users\mateu\.m2\repository\org\springframework\cloud\spring-cloud-task-stream\3.0.0-M3\spring-cloud-task-stream-3.0.0-M3.jar;C:\Users\mateu\.m2\repository\org\springframework\cloud\spring-cloud-deployer-spi\2.7.4\spring-cloud-deployer-spi-2.7.4.jar;C:\Users\mateu\.m2\repository\io\projectreactor\reactor-core\3.5.0-M4\reactor-core-3.5.0-M4.jar;C:\Users\mateu\.m2\repository\org\reactivestreams\reactive-streams\1.0.4\reactive-streams-1.0.4.jar;C:\Users\mateu\.m2\repository\org\springframework\boot\spring-boot-starter-data-jpa\3.0.0-SNAPSHOT\spring-boot-starter-data-jpa-3.0.0-SNAPSHOT.jar;C:\Users\mateu\.m2\repository\org\springframework\boot\spring-boot-starter-aop\3.0.0-SNAPSHOT\spring-boot-starter-aop-3.0.0-SNAPSHOT.jar;C:\Users\mateu\.m2\repository\org\aspectj\aspectjweaver\1.9.9.1\aspectjweaver-1.9.9.1.jar;C:\Users\mateu\.m2\repository\org\hibernate\orm\hibernate-core\6.1.1.Final\hibernate-core-6.1.1.Final.jar;C:\Users\mateu\.m2\repository\jakarta\persistence\jakarta.persistence-api\3.0.0\jakarta.persistence-api-3.0.0.jar;C:\Users\mateu\.m2\repository\jakarta\transaction\jakarta.transaction-api\2.0.1\jakarta.transaction-api-2.0.1.jar;C:\Users\mateu\.m2\repository\org\jboss\logging\jboss-logging\3.5.0.Final\jboss-logging-3.5.0.Final.jar;C:\Users\mateu\.m2\repository\org\hibernate\common\hibernate-commons-annotations\6.0.2.Final\hibernate-commons-annotations-6.0.2.Final.jar;C:\Users\mateu\.m2\repository\org\jboss\jandex\2.4.2.Final\jandex-2.4.2.Final.jar;C:\Users\mateu\.m2\repository\com\fasterxml\classmate\1.5.1\classmate-1.5.1.jar;C:\Users\mateu\.m2\repository\net\bytebuddy\byte-buddy\1.12.12\byte-buddy-1.12.12.jar;C:\Users\mateu\.m2\repository\org\glassfish\jaxb\jaxb-runtime\3.0.2\jaxb-runtime-3.0.2.jar;C:\Users\mateu\.m2\repository\org\glassfish\jaxb\jaxb-core\3.0.2\jaxb-core-3.0.2.jar;C:\Users\mateu\.m2\repository\org\glassfish\jaxb\txw2\3.0.2\txw2-3.0.2.jar;C:\Users\mateu\.m2\repository\com\sun\istack\istack-commons-runtime\4.0.1\istack-commons-runtime-4.0.1.jar;C:\Users\mateu\.m2\repository\jakarta\inject\jakarta.inject-api\2.0.0\jakarta.inject-api-2.0.0.jar;C:\Users\mateu\.m2\repository\org\antlr\antlr4-runtime\4.10\antlr4-runtime-4.10.jar;C:\Users\mateu\.m2\repository\org\springframework\data\spring-data-jpa\3.0.0-SNAPSHOT\spring-data-jpa-3.0.0-SNAPSHOT.jar;C:\Users\mateu\.m2\repository\org\springframework\spring-orm\6.0.0-SNAPSHOT\spring-orm-6.0.0-SNAPSHOT.jar;C:\Users\mateu\.m2\repository\org\springframework\spring-aspects\6.0.0-SNAPSHOT\spring-aspects-6.0.0-SNAPSHOT.jar;C:\Users\mateu\.m2\repository\org\apache\tomcat\embed\tomcat-embed-jasper\10.0.22\tomcat-embed-jasper-10.0.22.jar;C:\Users\mateu\.m2\repository\org\apache\tomcat\embed\tomcat-embed-core\10.0.22\tomcat-embed-core-10.0.22.jar;C:\Users\mateu\.m2\repository\org\apache\tomcat\tomcat-annotations-api\10.0.22\tomcat-annotations-api-10.0.22.jar;C:\Users\mateu\.m2\repository\org\apache\tomcat\embed\tomcat-embed-el\10.0.22\tomcat-embed-el-10.0.22.jar;C:\Users\mateu\.m2\repository\org\eclipse\jdt\ecj\3.18.0\ecj-3.18.0.jar;C:\Users\mateu\.m2\repository\org\apache\tomcat\tomcat-jdbc\10.0.22\tomcat-jdbc-10.0.22.jar;C:\Users\mateu\.m2\repository\org\apache\tomcat\tomcat-juli\10.0.22\tomcat-juli-10.0.22.jar;C:\Users\mateu\.m2\repository\mysql\mysql-connector-java\8.0.29\mysql-connector-java-8.0.29.jar;C:\Users\mateu\.m2\repository\org\postgresql\postgresql\42.4.0\postgresql-42.4.0.jar;C:\Users\mateu\.m2\repository\org\checkerframework\checker-qual\3.5.0\checker-qual-3.5.0.jar;C:\Users\mateu\.m2\repository\org\projectlombok\lombok\1.18.24\lombok-1.18.24.jar;C:\Users\mateu\.m2\repository\org\springframework\boot\spring-boot-starter-test\3.0.0-SNAPSHOT\spring-boot-starter-test-3.0.0-SNAPSHOT.jar;C:\Users\mateu\.m2\repository\org\springframework\boot\spring-boot-test\3.0.0-SNAPSHOT\spring-boot-test-3.0.0-SNAPSHOT.jar;C:\Users\mateu\.m2\repository\org\springframework\boot\spring-boot-test-autoconfigure\3.0.0-SNAPSHOT\spring-boot-test-autoconfigure-3.0.0-SNAPSHOT.jar;C:\Users\mateu\.m2\repository\com\jayway\jsonpath\json-path\2.7.0\json-path-2.7.0.jar;C:\Users\mateu\.m2\repository\net\minidev\json-smart\2.4.8\json-smart-2.4.8.jar;C:\Users\mateu\.m2\repository\net\minidev\accessors-smart\2.4.8\accessors-smart-2.4.8.jar;C:\Users\mateu\.m2\repository\org\ow2\asm\asm\9.1\asm-9.1.jar;C:\Users\mateu\.m2\repository\jakarta\xml\bind\jakarta.xml.bind-api\3.0.1\jakarta.xml.bind-api-3.0.1.jar;C:\Users\mateu\.m2\repository\org\assertj\assertj-core\3.23.1\assertj-core-3.23.1.jar;C:\Users\mateu\.m2\repository\org\hamcrest\hamcrest\2.2\hamcrest-2.2.jar;C:\Users\mateu\.m2\repository\org\junit\jupiter\junit-jupiter\5.8.2\junit-jupiter-5.8.2.jar;C:\Users\mateu\.m2\repository\org\junit\jupiter\junit-jupiter-api\5.8.2\junit-jupiter-api-5.8.2.jar;C:\Users\mateu\.m2\repository\org\opentest4j\opentest4j\1.2.0\opentest4j-1.2.0.jar;C:\Users\mateu\.m2\repository\org\junit\platform\junit-platform-commons\1.8.2\junit-platform-commons-1.8.2.jar;C:\Users\mateu\.m2\repository\org\apiguardian\apiguardian-api\1.1.2\apiguardian-api-1.1.2.jar;C:\Users\mateu\.m2\repository\org\junit\jupiter\junit-jupiter-params\5.8.2\junit-jupiter-params-5.8.2.jar;C:\Users\mateu\.m2\repository\org\junit\jupiter\junit-jupiter-engine\5.8.2\junit-jupiter-engine-5.8.2.jar;C:\Users\mateu\.m2\repository\org\junit\platform\junit-platform-engine\1.8.2\junit-platform-engine-1.8.2.jar;C:\Users\mateu\.m2\repository\org\mockito\mockito-core\4.6.1\mockito-core-4.6.1.jar;C:\Users\mateu\.m2\repository\net\bytebuddy\byte-buddy-agent\1.12.12\byte-buddy-agent-1.12.12.jar;C:\Users\mateu\.m2\repository\org\objenesis\objenesis\3.2\objenesis-3.2.jar;C:\Users\mateu\.m2\repository\org\mockito\mockito-junit-jupiter\4.6.1\mockito-junit-jupiter-4.6.1.jar;C:\Users\mateu\.m2\repository\org\skyscreamer\jsonassert\1.5.1\jsonassert-1.5.1.jar;C:\Users\mateu\.m2\repository\com\vaadin\external\google\android-json\0.0.20131108.vaadin1\android-json-0.0.20131108.vaadin1.jar;C:\Users\mateu\.m2\repository\org\springframework\spring-core\6.0.0-SNAPSHOT\spring-core-6.0.0-SNAPSHOT.jar;C:\Users\mateu\.m2\repository\org\springframework\spring-jcl\6.0.0-SNAPSHOT\spring-jcl-6.0.0-SNAPSHOT.jar;C:\Users\mateu\.m2\repository\org\springframework\spring-test\6.0.0-SNAPSHOT\spring-test-6.0.0-SNAPSHOT.jar;C:\Users\mateu\.m2\repository\org\xmlunit\xmlunit-core\2.9.0\xmlunit-core-2.9.0.jar;C:\Users\mateu\.m2\repository\org\springframework\restdocs\spring-restdocs-mockmvc\3.0.0-SNAPSHOT\spring-restdocs-mockmvc-3.0.0-SNAPSHOT.jar;C:\Users\mateu\.m2\repository\org\springframework\restdocs\spring-restdocs-core\3.0.0-SNAPSHOT\spring-restdocs-core-3.0.0-SNAPSHOT.jar;C:\Users\mateu\.m2\repository\jakarta\servlet\jakarta.servlet-api\5.0.0\jakarta.servlet-api-5.0.0.jar;"/>
    <property name="java.vm.vendor" value="Oracle Corporation"/>
    <property name="sun.arch.data.model" value="64"/>
    <property name="user.variant" value=""/>
    <property name="java.vendor.url" value="https://java.oracle.com/"/>
    <property name="user.timezone" value="America/Sao_Paulo"/>
    <property name="os.name" value="Windows 11"/>
    <property name="java.vm.specification.version" value="18"/>
    <property name="user.country" value="BR"/>
    <property name="sun.java.launcher" value="SUN_STANDARD"/>
    <property name="sun.boot.library.path" value="C:\Program Files\Java\jdk-18\bin"/>
    <property name="sun.java.command" value="C:\Users\mateu\AppData\Local\Temp\surefire3744514890098527177\surefirebooter592807992420499633.jar C:\Users\mateu\AppData\Local\Temp\surefire3744514890098527177 2022-07-14T02-16-06_618-jvmRun1 surefire15608594845584517637tmp surefire_06275789795222122792tmp"/>
    <property name="jdk.debug" value="release"/>
    <property name="surefire.test.class.path" value="C:\Users\mateu\Desktop\projectmanager\target\test-classes;C:\Users\mateu\Desktop\projectmanager\target\classes;C:\Users\mateu\.m2\repository\org\springframework\boot\spring-boot-starter-data-jdbc\3.0.0-SNAPSHOT\spring-boot-starter-data-jdbc-3.0.0-SNAPSHOT.jar;C:\Users\mateu\.m2\repository\org\springframework\data\spring-data-jdbc\3.0.0-SNAPSHOT\spring-data-jdbc-3.0.0-SNAPSHOT.jar;C:\Users\mateu\.m2\repository\org\springframework\data\spring-data-relational\3.0.0-SNAPSHOT\spring-data-relational-3.0.0-SNAPSHOT.jar;C:\Users\mateu\.m2\repository\org\springframework\data\spring-data-commons\3.0.0-SNAPSHOT\spring-data-commons-3.0.0-SNAPSHOT.jar;C:\Users\mateu\.m2\repository\org\springframework\spring-tx\6.0.0-SNAPSHOT\spring-tx-6.0.0-SNAPSHOT.jar;C:\Users\mateu\.m2\repository\org\springframework\spring-context\6.0.0-SNAPSHOT\spring-context-6.0.0-SNAPSHOT.jar;C:\Users\mateu\.m2\repository\org\springframework\spring-beans\6.0.0-SNAPSHOT\spring-beans-6.0.0-SNAPSHOT.jar;C:\Users\mateu\.m2\repository\org\slf4j\slf4j-api\1.7.36\slf4j-api-1.7.36.jar;C:\Users\mateu\.m2\repository\org\springframework\boot\spring-boot-starter-jdbc\3.0.0-SNAPSHOT\spring-boot-starter-jdbc-3.0.0-SNAPSHOT.jar;C:\Users\mateu\.m2\repository\org\springframework\boot\spring-boot-starter\3.0.0-SNAPSHOT\spring-boot-starter-3.0.0-SNAPSHOT.jar;C:\Users\mateu\.m2\repository\org\springframework\boot\spring-boot\3.0.0-SNAPSHOT\spring-boot-3.0.0-SNAPSHOT.jar;C:\Users\mateu\.m2\repository\org\springframework\boot\spring-boot-autoconfigure\3.0.0-SNAPSHOT\spring-boot-autoconfigure-3.0.0-SNAPSHOT.jar;C:\Users\mateu\.m2\repository\org\springframework\boot\spring-boot-starter-logging\3.0.0-SNAPSHOT\spring-boot-starter-logging-3.0.0-SNAPSHOT.jar;C:\Users\mateu\.m2\repository\ch\qos\logback\logback-classic\1.2.11\logback-classic-1.2.11.jar;C:\Users\mateu\.m2\repository\ch\qos\logback\logback-core\1.2.11\logback-core-1.2.11.jar;C:\Users\mateu\.m2\repository\org\apache\logging\log4j\log4j-to-slf4j\2.18.0\log4j-to-slf4j-2.18.0.jar;C:\Users\mateu\.m2\repository\org\apache\logging\log4j\log4j-api\2.18.0\log4j-api-2.18.0.jar;C:\Users\mateu\.m2\repository\org\slf4j\jul-to-slf4j\1.7.36\jul-to-slf4j-1.7.36.jar;C:\Users\mateu\.m2\repository\jakarta\annotation\jakarta.annotation-api\2.0.0\jakarta.annotation-api-2.0.0.jar;C:\Users\mateu\.m2\repository\com\zaxxer\HikariCP\5.0.1\HikariCP-5.0.1.jar;C:\Users\mateu\.m2\repository\org\springframework\spring-jdbc\6.0.0-SNAPSHOT\spring-jdbc-6.0.0-SNAPSHOT.jar;C:\Users\mateu\.m2\repository\org\springframework\boot\spring-boot-starter-web\3.0.0-SNAPSHOT\spring-boot-starter-web-3.0.0-SNAPSHOT.jar;C:\Users\mateu\.m2\repository\org\springframework\boot\spring-boot-starter-json\3.0.0-SNAPSHOT\spring-boot-starter-json-3.0.0-SNAPSHOT.jar;C:\Users\mateu\.m2\repository\com\fasterxml\jackson\core\jackson-databind\2.13.3\jackson-databind-2.13.3.jar;C:\Users\mateu\.m2\repository\com\fasterxml\jackson\datatype\jackson-datatype-jdk8\2.13.3\jackson-datatype-jdk8-2.13.3.jar;C:\Users\mateu\.m2\repository\com\fasterxml\jackson\datatype\jackson-datatype-jsr310\2.13.3\jackson-datatype-jsr310-2.13.3.jar;C:\Users\mateu\.m2\repository\com\fasterxml\jackson\module\jackson-module-parameter-names\2.13.3\jackson-module-parameter-names-2.13.3.jar;C:\Users\mateu\.m2\repository\org\springframework\boot\spring-boot-starter-tomcat\3.0.0-SNAPSHOT\spring-boot-starter-tomcat-3.0.0-SNAPSHOT.jar;C:\Users\mateu\.m2\repository\org\apache\tomcat\embed\tomcat-embed-websocket\10.0.22\tomcat-embed-websocket-10.0.22.jar;C:\Users\mateu\.m2\repository\org\springframework\spring-web\6.0.0-SNAPSHOT\spring-web-6.0.0-SNAPSHOT.jar;C:\Users\mateu\.m2\repository\org\springframework\spring-webmvc\6.0.0-SNAPSHOT\spring-webmvc-6.0.0-SNAPSHOT.jar;C:\Users\mateu\.m2\repository\org\springframework\spring-aop\6.0.0-SNAPSHOT\spring-aop-6.0.0-SNAPSHOT.jar;C:\Users\mateu\.m2\repository\org\springframework\spring-expression\6.0.0-SNAPSHOT\spring-expression-6.0.0-SNAPSHOT.jar;C:\Users\mateu\.m2\repository\org\springframework\boot\spring-boot-starter-web-services\3.0.0-SNAPSHOT\spring-boot-starter-web-services-3.0.0-SNAPSHOT.jar;C:\Users\mateu\.m2\repository\com\sun\xml\messaging\saaj\saaj-impl\2.0.1\saaj-impl-2.0.1.jar;C:\Users\mateu\.m2\repository\jakarta\xml\soap\jakarta.xml.soap-api\2.0.1\jakarta.xml.soap-api-2.0.1.jar;C:\Users\mateu\.m2\repository\org\jvnet\staxex\stax-ex\2.0.1\stax-ex-2.0.1.jar;C:\Users\mateu\.m2\repository\com\sun\activation\jakarta.activation\2.0.1\jakarta.activation-2.0.1.jar;C:\Users\mateu\.m2\repository\jakarta\xml\ws\jakarta.xml.ws-api\3.0.1\jakarta.xml.ws-api-3.0.1.jar;C:\Users\mateu\.m2\repository\jakarta\jws\jakarta.jws-api\3.0.0\jakarta.jws-api-3.0.0.jar;C:\Users\mateu\.m2\repository\org\springframework\spring-oxm\6.0.0-SNAPSHOT\spring-oxm-6.0.0-SNAPSHOT.jar;C:\Users\mateu\.m2\repository\org\springframework\ws\spring-ws-core\4.0.0-M2\spring-ws-core-4.0.0-M2.jar;C:\Users\mateu\.m2\repository\org\springframework\ws\spring-xml\4.0.0-M2\spring-xml-4.0.0-M2.jar;C:\Users\mateu\.m2\repository\com\sun\xml\bind\jaxb-impl\3.0.1\jaxb-impl-3.0.1.jar;C:\Users\mateu\.m2\repository\com\sun\xml\bind\jaxb-core\3.0.1\jaxb-core-3.0.1.jar;C:\Users\mateu\.m2\repository\org\springframework\cloud\spring-cloud-config-server\4.0.0-M3\spring-cloud-config-server-4.0.0-M3.jar;C:\Users\mateu\.m2\repository\org\springframework\cloud\spring-cloud-config-client\4.0.0-M3\spring-cloud-config-client-4.0.0-M3.jar;C:\Users\mateu\.m2\repository\com\fasterxml\jackson\core\jackson-annotations\2.13.3\jackson-annotations-2.13.3.jar;C:\Users\mateu\.m2\repository\org\apache\httpcomponents\httpclient\4.5.13\httpclient-4.5.13.jar;C:\Users\mateu\.m2\repository\commons-codec\commons-codec\1.15\commons-codec-1.15.jar;C:\Users\mateu\.m2\repository\org\springframework\boot\spring-boot-starter-validation\3.0.0-SNAPSHOT\spring-boot-starter-validation-3.0.0-SNAPSHOT.jar;C:\Users\mateu\.m2\repository\org\hibernate\validator\hibernate-validator\7.0.4.Final\hibernate-validator-7.0.4.Final.jar;C:\Users\mateu\.m2\repository\jakarta\validation\jakarta.validation-api\3.0.2\jakarta.validation-api-3.0.2.jar;C:\Users\mateu\.m2\repository\org\springframework\security\spring-security-crypto\6.0.0-SNAPSHOT\spring-security-crypto-6.0.0-SNAPSHOT.jar;C:\Users\mateu\.m2\repository\org\springframework\security\spring-security-rsa\1.0.10.RELEASE\spring-security-rsa-1.0.10.RELEASE.jar;C:\Users\mateu\.m2\repository\org\bouncycastle\bcpkix-jdk15on\1.68\bcpkix-jdk15on-1.68.jar;C:\Users\mateu\.m2\repository\org\bouncycastle\bcprov-jdk15on\1.68\bcprov-jdk15on-1.68.jar;C:\Users\mateu\.m2\repository\org\eclipse\jgit\org.eclipse.jgit\5.12.0.202106070339-r\org.eclipse.jgit-5.12.0.202106070339-r.jar;C:\Users\mateu\.m2\repository\com\googlecode\javaewah\JavaEWAH\1.1.7\JavaEWAH-1.1.7.jar;C:\Users\mateu\.m2\repository\org\eclipse\jgit\org.eclipse.jgit.http.apache\5.12.0.202106070339-r\org.eclipse.jgit.http.apache-5.12.0.202106070339-r.jar;C:\Users\mateu\.m2\repository\org\apache\httpcomponents\httpcore\4.4.15\httpcore-4.4.15.jar;C:\Users\mateu\.m2\repository\org\eclipse\jgit\org.eclipse.jgit.ssh.jsch\5.12.0.202106070339-r\org.eclipse.jgit.ssh.jsch-5.12.0.202106070339-r.jar;C:\Users\mateu\.m2\repository\com\jcraft\jsch\0.1.55\jsch-0.1.55.jar;C:\Users\mateu\.m2\repository\com\jcraft\jzlib\1.1.1\jzlib-1.1.1.jar;C:\Users\mateu\.m2\repository\org\yaml\snakeyaml\1.30\snakeyaml-1.30.jar;C:\Users\mateu\.m2\repository\com\fasterxml\jackson\dataformat\jackson-dataformat-yaml\2.13.3\jackson-dataformat-yaml-2.13.3.jar;C:\Users\mateu\.m2\repository\com\fasterxml\jackson\core\jackson-core\2.13.3\jackson-core-2.13.3.jar;C:\Users\mateu\.m2\repository\org\springframework\cloud\spring-cloud-starter\4.0.0-M3\spring-cloud-starter-4.0.0-M3.jar;C:\Users\mateu\.m2\repository\org\springframework\cloud\spring-cloud-context\4.0.0-M3\spring-cloud-context-4.0.0-M3.jar;C:\Users\mateu\.m2\repository\org\springframework\cloud\spring-cloud-commons\4.0.0-M3\spring-cloud-commons-4.0.0-M3.jar;C:\Users\mateu\.m2\repository\org\springframework\cloud\spring-cloud-starter-task\3.0.0-M3\spring-cloud-starter-task-3.0.0-M3.jar;C:\Users\mateu\.m2\repository\org\springframework\cloud\spring-cloud-task-core\3.0.0-M3\spring-cloud-task-core-3.0.0-M3.jar;C:\Users\mateu\.m2\repository\org\springframework\cloud\spring-cloud-deployer-autoconfigure\2.7.4\spring-cloud-deployer-autoconfigure-2.7.4.jar;C:\Users\mateu\.m2\repository\org\springframework\cloud\spring-cloud-deployer-resource-support\2.7.4\spring-cloud-deployer-resource-support-2.7.4.jar;C:\Users\mateu\.m2\repository\org\springframework\batch\spring-batch-infrastructure\5.0.0-SNAPSHOT\spring-batch-infrastructure-5.0.0-SNAPSHOT.jar;C:\Users\mateu\.m2\repository\org\springframework\retry\spring-retry\1.3.3\spring-retry-1.3.3.jar;C:\Users\mateu\.m2\repository\io\micrometer\micrometer-core\1.10.0-M3\micrometer-core-1.10.0-M3.jar;C:\Users\mateu\.m2\repository\io\micrometer\micrometer-commons\1.10.0-M3\micrometer-commons-1.10.0-M3.jar;C:\Users\mateu\.m2\repository\org\hdrhistogram\HdrHistogram\2.1.12\HdrHistogram-2.1.12.jar;C:\Users\mateu\.m2\repository\org\latencyutils\LatencyUtils\2.0.3\LatencyUtils-2.0.3.jar;C:\Users\mateu\.m2\repository\io\micrometer\micrometer-observation\1.10.0-M3\micrometer-observation-1.10.0-M3.jar;C:\Users\mateu\.m2\repository\org\springframework\cloud\spring-cloud-task-batch\3.0.0-M3\spring-cloud-task-batch-3.0.0-M3.jar;C:\Users\mateu\.m2\repository\org\springframework\cloud\spring-cloud-task-stream\3.0.0-M3\spring-cloud-task-stream-3.0.0-M3.jar;C:\Users\mateu\.m2\repository\org\springframework\cloud\spring-cloud-deployer-spi\2.7.4\spring-cloud-deployer-spi-2.7.4.jar;C:\Users\mateu\.m2\repository\io\projectreactor\reactor-core\3.5.0-M4\reactor-core-3.5.0-M4.jar;C:\Users\mateu\.m2\repository\org\reactivestreams\reactive-streams\1.0.4\reactive-streams-1.0.4.jar;C:\Users\mateu\.m2\repository\org\springframework\boot\spring-boot-starter-data-jpa\3.0.0-SNAPSHOT\spring-boot-starter-data-jpa-3.0.0-SNAPSHOT.jar;C:\Users\mateu\.m2\repository\org\springframework\boot\spring-boot-starter-aop\3.0.0-SNAPSHOT\spring-boot-starter-aop-3.0.0-SNAPSHOT.jar;C:\Users\mateu\.m2\repository\org\aspectj\aspectjweaver\1.9.9.1\aspectjweaver-1.9.9.1.jar;C:\Users\mateu\.m2\repository\org\hibernate\orm\hibernate-core\6.1.1.Final\hibernate-core-6.1.1.Final.jar;C:\Users\mateu\.m2\repository\jakarta\persistence\jakarta.persistence-api\3.0.0\jakarta.persistence-api-3.0.0.jar;C:\Users\mateu\.m2\repository\jakarta\transaction\jakarta.transaction-api\2.0.1\jakarta.transaction-api-2.0.1.jar;C:\Users\mateu\.m2\repository\org\jboss\logging\jboss-logging\3.5.0.Final\jboss-logging-3.5.0.Final.jar;C:\Users\mateu\.m2\repository\org\hibernate\common\hibernate-commons-annotations\6.0.2.Final\hibernate-commons-annotations-6.0.2.Final.jar;C:\Users\mateu\.m2\repository\org\jboss\jandex\2.4.2.Final\jandex-2.4.2.Final.jar;C:\Users\mateu\.m2\repository\com\fasterxml\classmate\1.5.1\classmate-1.5.1.jar;C:\Users\mateu\.m2\repository\net\bytebuddy\byte-buddy\1.12.12\byte-buddy-1.12.12.jar;C:\Users\mateu\.m2\repository\org\glassfish\jaxb\jaxb-runtime\3.0.2\jaxb-runtime-3.0.2.jar;C:\Users\mateu\.m2\repository\org\glassfish\jaxb\jaxb-core\3.0.2\jaxb-core-3.0.2.jar;C:\Users\mateu\.m2\repository\org\glassfish\jaxb\txw2\3.0.2\txw2-3.0.2.jar;C:\Users\mateu\.m2\repository\com\sun\istack\istack-commons-runtime\4.0.1\istack-commons-runtime-4.0.1.jar;C:\Users\mateu\.m2\repository\jakarta\inject\jakarta.inject-api\2.0.0\jakarta.inject-api-2.0.0.jar;C:\Users\mateu\.m2\repository\org\antlr\antlr4-runtime\4.10\antlr4-runtime-4.10.jar;C:\Users\mateu\.m2\repository\org\springframework\data\spring-data-jpa\3.0.0-SNAPSHOT\spring-data-jpa-3.0.0-SNAPSHOT.jar;C:\Users\mateu\.m2\repository\org\springframework\spring-orm\6.0.0-SNAPSHOT\spring-orm-6.0.0-SNAPSHOT.jar;C:\Users\mateu\.m2\repository\org\springframework\spring-aspects\6.0.0-SNAPSHOT\spring-aspects-6.0.0-SNAPSHOT.jar;C:\Users\mateu\.m2\repository\org\apache\tomcat\embed\tomcat-embed-jasper\10.0.22\tomcat-embed-jasper-10.0.22.jar;C:\Users\mateu\.m2\repository\org\apache\tomcat\embed\tomcat-embed-core\10.0.22\tomcat-embed-core-10.0.22.jar;C:\Users\mateu\.m2\repository\org\apache\tomcat\tomcat-annotations-api\10.0.22\tomcat-annotations-api-10.0.22.jar;C:\Users\mateu\.m2\repository\org\apache\tomcat\embed\tomcat-embed-el\10.0.22\tomcat-embed-el-10.0.22.jar;C:\Users\mateu\.m2\repository\org\eclipse\jdt\ecj\3.18.0\ecj-3.18.0.jar;C:\Users\mateu\.m2\repository\org\apache\tomcat\tomcat-jdbc\10.0.22\tomcat-jdbc-10.0.22.jar;C:\Users\mateu\.m2\repository\org\apache\tomcat\tomcat-juli\10.0.22\tomcat-juli-10.0.22.jar;C:\Users\mateu\.m2\repository\mysql\mysql-connector-java\8.0.29\mysql-connector-java-8.0.29.jar;C:\Users\mateu\.m2\repository\org\postgresql\postgresql\42.4.0\postgresql-42.4.0.jar;C:\Users\mateu\.m2\repository\org\checkerframework\checker-qual\3.5.0\checker-qual-3.5.0.jar;C:\Users\mateu\.m2\repository\org\projectlombok\lombok\1.18.24\lombok-1.18.24.jar;C:\Users\mateu\.m2\repository\org\springframework\boot\spring-boot-starter-test\3.0.0-SNAPSHOT\spring-boot-starter-test-3.0.0-SNAPSHOT.jar;C:\Users\mateu\.m2\repository\org\springframework\boot\spring-boot-test\3.0.0-SNAPSHOT\spring-boot-test-3.0.0-SNAPSHOT.jar;C:\Users\mateu\.m2\repository\org\springframework\boot\spring-boot-test-autoconfigure\3.0.0-SNAPSHOT\spring-boot-test-autoconfigure-3.0.0-SNAPSHOT.jar;C:\Users\mateu\.m2\repository\com\jayway\jsonpath\json-path\2.7.0\json-path-2.7.0.jar;C:\Users\mateu\.m2\repository\net\minidev\json-smart\2.4.8\json-smart-2.4.8.jar;C:\Users\mateu\.m2\repository\net\minidev\accessors-smart\2.4.8\accessors-smart-2.4.8.jar;C:\Users\mateu\.m2\repository\org\ow2\asm\asm\9.1\asm-9.1.jar;C:\Users\mateu\.m2\repository\jakarta\xml\bind\jakarta.xml.bind-api\3.0.1\jakarta.xml.bind-api-3.0.1.jar;C:\Users\mateu\.m2\repository\org\assertj\assertj-core\3.23.1\assertj-core-3.23.1.jar;C:\Users\mateu\.m2\repository\org\hamcrest\hamcrest\2.2\hamcrest-2.2.jar;C:\Users\mateu\.m2\repository\org\junit\jupiter\junit-jupiter\5.8.2\junit-jupiter-5.8.2.jar;C:\Users\mateu\.m2\repository\org\junit\jupiter\junit-jupiter-api\5.8.2\junit-jupiter-api-5.8.2.jar;C:\Users\mateu\.m2\repository\org\opentest4j\opentest4j\1.2.0\opentest4j-1.2.0.jar;C:\Users\mateu\.m2\repository\org\junit\platform\junit-platform-commons\1.8.2\junit-platform-commons-1.8.2.jar;C:\Users\mateu\.m2\repository\org\apiguardian\apiguardian-api\1.1.2\apiguardian-api-1.1.2.jar;C:\Users\mateu\.m2\repository\org\junit\jupiter\junit-jupiter-params\5.8.2\junit-jupiter-params-5.8.2.jar;C:\Users\mateu\.m2\repository\org\junit\jupiter\junit-jupiter-engine\5.8.2\junit-jupiter-engine-5.8.2.jar;C:\Users\mateu\.m2\repository\org\junit\platform\junit-platform-engine\1.8.2\junit-platform-engine-1.8.2.jar;C:\Users\mateu\.m2\repository\org\mockito\mockito-core\4.6.1\mockito-core-4.6.1.jar;C:\Users\mateu\.m2\repository\net\bytebuddy\byte-buddy-agent\1.12.12\byte-buddy-agent-1.12.12.jar;C:\Users\mateu\.m2\repository\org\objenesis\objenesis\3.2\objenesis-3.2.jar;C:\Users\mateu\.m2\repository\org\mockito\mockito-junit-jupiter\4.6.1\mockito-junit-jupiter-4.6.1.jar;C:\Users\mateu\.m2\repository\org\skyscreamer\jsonassert\1.5.1\jsonassert-1.5.1.jar;C:\Users\mateu\.m2\repository\com\vaadin\external\google\android-json\0.0.20131108.vaadin1\android-json-0.0.20131108.vaadin1.jar;C:\Users\mateu\.m2\repository\org\springframework\spring-core\6.0.0-SNAPSHOT\spring-core-6.0.0-SNAPSHOT.jar;C:\Users\mateu\.m2\repository\org\springframework\spring-jcl\6.0.0-SNAPSHOT\spring-jcl-6.0.0-SNAPSHOT.jar;C:\Users\mateu\.m2\repository\org\springframework\spring-test\6.0.0-SNAPSHOT\spring-test-6.0.0-SNAPSHOT.jar;C:\Users\mateu\.m2\repository\org\xmlunit\xmlunit-core\2.9.0\xmlunit-core-2.9.0.jar;C:\Users\mateu\.m2\repository\org\springframework\restdocs\spring-restdocs-mockmvc\3.0.0-SNAPSHOT\spring-restdocs-mockmvc-3.0.0-SNAPSHOT.jar;C:\Users\mateu\.m2\repository\org\springframework\restdocs\spring-restdocs-core\3.0.0-SNAPSHOT\spring-restdocs-core-3.0.0-SNAPSHOT.jar;C:\Users\mateu\.m2\repository\jakarta\servlet\jakarta.servlet-api\5.0.0\jakarta.servlet-api-5.0.0.jar;"/>
    <property name="sun.cpu.endian" value="little"/>
    <property name="user.home" value="C:\Users\mateu"/>
    <property name="user.language" value="pt"/>
    <property name="java.specification.vendor" value="Oracle Corporation"/>
    <property name="java.version.date" value="2022-03-22"/>
    <property name="java.home" value="C:\Program Files\Java\jdk-18"/>
    <property name="file.separator" value="\"/>
    <property name="basedir" value="C:\Users\mateu\Desktop\projectmanager"/>
    <property name="java.vm.compressedOopsMode" value="32-bit"/>
    <property name="line.separator" value="&#10;"/>
    <property name="java.vm.specification.vendor" value="Oracle Corporation"/>
    <property name="java.specification.name" value="Java Platform API Specification"/>
    <property name="surefire.real.class.path" value="C:\Users\mateu\AppData\Local\Temp\surefire3744514890098527177\surefirebooter592807992420499633.jar"/>
    <property name="user.script" value=""/>
    <property name="sun.management.compiler" value="HotSpot 64-Bit Tiered Compilers"/>
    <property name="java.runtime.version" value="18+36-2087"/>
    <property name="user.name" value="mateu"/>
    <property name="path.separator" value=";"/>
    <property name="os.version" value="10.0"/>
    <property name="java.runtime.name" value="Java(TM) SE Runtime Environment"/>
    <property name="file.encoding" value="UTF-8"/>
    <property name="java.vm.name" value="Java HotSpot(TM) 64-Bit Server VM"/>
    <property name="maven.ext.class.path" value="C:\Program Files\NetBeans-14\netbeans\java\maven-nblib\netbeans-eventspy.jar"/>
    <property name="localRepository" value="C:\Users\mateu\.m2\repository"/>
    <property name="java.vendor.url.bug" value="https://bugreport.java.com/bugreport/"/>
    <property name="java.io.tmpdir" value="C:\Users\mateu\AppData\Local\Temp\"/>
    <property name="java.version" value="18"/>
    <property name="user.dir" value="C:\Users\mateu\Desktop\projectmanager"/>
    <property name="os.arch" value="amd64"/>
    <property name="java.vm.specification.name" value="Java Virtual Machine Specification"/>
    <property name="sun.os.patch.level" value=""/>
    <property name="native.encoding" value="Cp1252"/>
    <property name="java.library.path" value="C:\Program Files\Java\jdk-18\bin;C:\WINDOWS\Sun\Java\bin;C:\WINDOWS\system32;C:\WINDOWS;C:\Python310\Scripts\;C:\Python310\;C:\Program Files\Common Files\Oracle\Java\javapath;C:\Windows\system32;C:\Windows;C:\Windows\System32\Wbem;C:\Windows\System32\WindowsPowerShell\v1.0\;C:\Windows\System32\OpenSSH\;C:\cygwin64;C:\Program Files\Java\jdk-18\bin;C:\Program Files\Java\jre1.8.0_331\bin;C:\Program Files\apache-maven-3.8.6\bin;C:\ProgramData\chocolatey\bin;C:\Program Files\Liquid Technologies\Liquid Studio 2021\XmlDataBinder19\Redist19\cpp\win32\bin;C:\Program Files\Liquid Technologies\Liquid Studio 2021\XmlDataBinder19\Redist19\cpp\win64\bin;C:\xampp\mysql\bin;C:\xampp\php;C:\Program Files\Sublime Text;C:\Program Files\arduino-cli_0.21.1_Windows_64bit;C:\Program Files\Notepad++;C:\Program Files\WinRAR;C:\Users\mateu\SIGA\NSSM\win64;C:\Users\mateu\SIGA\ElasticSearch\bin;C:\Program Files\dotnet\;C:\Program Files\Microsoft SQL Server\Client SDK\ODBC\170\Tools\Binn\;C:\Program Files\Microsoft SQL Server\150\Tools\Binn\;C:\Program Files (x86)\IncrediBuild;C:\Program Files\Microsoft VS Code\bin;C:\Program Files (x86)\Microsoft SQL Server\150\Tools\Binn\;C:\Program Files\Microsoft SQL Server\150\DTS\Binn\;C:\Program Files\Azure Data Studio\bin;C:\Program Files (x86)\Microsoft SQL Server\150\DTS\Binn\;C:\composer;C:\Program Files\Git\cmd;C:\Program Files\nodejs\;C:\Program Files\Liquid Technologies\Liquid Studio\XmlDataBinder20\Redist20\cpp\win32\bin;C:\Program Files\Liquid Technologies\Liquid Studio\XmlDataBinder20\Redist20\cpp\win64\bin;C:\WINDOWS\system32;C:\WINDOWS;C:\WINDOWS\System32\Wbem;C:\WINDOWS\System32\WindowsPowerShell\v1.0\;C:\WINDOWS\System32\OpenSSH\;C:\Program Files\PowerShell\7\;C:\Program Files\PostgreSQL\14\bin;C:\Program Files\PostgreSQL\14\lib;C:\Users\mateu\AppData\Local\Microsoft\WindowsApps;C:\xampp\mysql\bin;C:\xampp\php;C:\Program Files\Sublime Text;C:\Program Files\arduino-cli_0.21.1_Windows_64bit;C:\Program Files\Notepad++;C:\Users\mateu\SIGA\NSSM\win64;C:\Users\mateu\SIGA\ElasticSearch\bin;C:\Users\mateu\AppData\Roaming\Composer\vendor\bin;C:\Users\mateu\.dotnet\tools;C:\Program Files\Azure Data Studio\bin;C:\Program Files\JetBrains\IntelliJ IDEA 2022.1.2\bin;;C:\Users\mateu\AppData\Roaming\npm;C:\Program Files\PostgreSQL\14\bin;C:\Program Files\PostgreSQL\14\lib;;."/>
    <property name="java.vm.info" value="mixed mode, sharing"/>
    <property name="java.vendor" value="Oracle Corporation"/>
    <property name="java.vm.version" value="18+36-2087"/>
    <property name="sun.io.unicode.encoding" value="UnicodeLittle"/>
    <property name="java.class.version" value="62.0"/>
  </properties>
  <testcase name="contextLoads" classname="com.projectmanager.ApplicationTests" time="0.767"/>
</testsuite>